<?xml version="1.0" encoding="UTF-8"?>
<!-- Generated by org.testng.reporters.JUnitXMLReporter -->
<testsuite ignored="1" hostname="DESKTOP-G2OQHS4" failures="0" tests="5" name="Default test" time="1.357" errors="0" timestamp="28 Apr 2024 12:11:42 GMT">
  <testcase classname="Rough.dataProvider" name="invalid" time="0.015"/>
  <testcase classname="Rough.dataProvider" name="invalid" time="0.013"/>
  <testcase classname="Rough.dataProvider" name="invalid" time="0.002"/>
  <testcase classname="Rough.dataProvider" name="invalid" time="0.007"/>
  <testcase classname="Rough.dataProvider" name="invalid" time="0.004"/>
  <testcase classname="Rough.dataProvider" name="getCellCount" time="0.0">
    <ignored/>
  </testcase> <!-- getCellCount -->
</testsuite> <!-- Default test -->
