<?xml version="1.0" encoding="UTF-8"?>
<testng-results ignored="0" total="1" passed="1" failed="0" skipped="0">
  <reporter-output>
    <line>
      <![CDATA[------------Launching chrome Browser------------]]>
    </line>
  </reporter-output>
  <suite started-at="2024-06-09T04:56:47Z" name="Default suite" finished-at="2024-06-09T04:57:02Z" duration-ms="15248">
    <groups>
    </groups>
    <test started-at="2024-06-09T04:56:47Z" name="Default test" finished-at="2024-06-09T04:57:02Z" duration-ms="15248">
      <class name="TestScript.InvalidLogin">
        <test-method is-config="true" signature="launchBrowser(java.lang.String)[pri:0, instance:TestScript.InvalidLogin@338c99c8]" started-at="2024-06-09T04:56:47Z" name="launchBrowser" finished-at="2024-06-09T04:56:56Z" duration-ms="8894" status="PASS">
          <params>
            <param index="0">
              <value>
                <![CDATA[chrome]]>
              </value>
            </param>
          </params>
          <reporter-output>
            <line>
              <![CDATA[------------Launching chrome Browser------------]]>
            </line>
          </reporter-output>
        </test-method> <!-- launchBrowser -->
        <test-method signature="invalidLogin()[pri:0, instance:TestScript.InvalidLogin@338c99c8]" started-at="2024-06-09T04:56:56Z" name="invalidLogin" finished-at="2024-06-09T04:57:02Z" duration-ms="5792" status="PASS">
          <reporter-output>
          </reporter-output>
        </test-method> <!-- invalidLogin -->
        <test-method is-config="true" signature="closeBrowser()[pri:0, instance:TestScript.InvalidLogin@338c99c8]" started-at="2024-06-09T04:57:02Z" name="closeBrowser" finished-at="2024-06-09T04:57:02Z" duration-ms="504" status="PASS">
          <reporter-output>
          </reporter-output>
        </test-method> <!-- closeBrowser -->
      </class> <!-- TestScript.InvalidLogin -->
    </test> <!-- Default test -->
  </suite> <!-- Default suite -->
</testng-results>
