<?xml version="1.0" encoding="UTF-8"?>
<testng-results ignored="1" total="6" passed="5" failed="0" skipped="0">
  <reporter-output>
  </reporter-output>
  <suite started-at="2024-04-28T12:11:41Z" name="Default suite" finished-at="2024-04-28T12:11:42Z" duration-ms="1357">
    <groups>
    </groups>
    <test started-at="2024-04-28T12:11:41Z" name="Default test" finished-at="2024-04-28T12:11:42Z" duration-ms="1357">
      <class name="Rough.dataProvider">
        <test-method signature="invalid(java.lang.String, java.lang.String)[pri:0, instance:Rough.dataProvider@3bd323e9]" started-at="2024-04-28T12:11:42Z" name="invalid" data-provider="invalid" finished-at="2024-04-28T12:11:42Z" duration-ms="15" status="PASS">
          <params>
            <param index="0">
              <value>
                <![CDATA[amar]]>
              </value>
            </param>
            <param index="1">
              <value>
                <![CDATA[amar123]]>
              </value>
            </param>
          </params>
          <reporter-output>
          </reporter-output>
        </test-method> <!-- invalid -->
        <test-method signature="invalid(java.lang.String, java.lang.String)[pri:0, instance:Rough.dataProvider@3bd323e9]" started-at="2024-04-28T12:11:42Z" name="invalid" data-provider="invalid" finished-at="2024-04-28T12:11:42Z" duration-ms="13" status="PASS">
          <params>
            <param index="0">
              <value>
                <![CDATA[akbar]]>
              </value>
            </param>
            <param index="1">
              <value>
                <![CDATA[akbar123]]>
              </value>
            </param>
          </params>
          <reporter-output>
          </reporter-output>
        </test-method> <!-- invalid -->
        <test-method signature="invalid(java.lang.String, java.lang.String)[pri:0, instance:Rough.dataProvider@3bd323e9]" started-at="2024-04-28T12:11:42Z" name="invalid" data-provider="invalid" finished-at="2024-04-28T12:11:42Z" duration-ms="2" status="PASS">
          <params>
            <param index="0">
              <value>
                <![CDATA[anthony]]>
              </value>
            </param>
            <param index="1">
              <value>
                <![CDATA[anthony123]]>
              </value>
            </param>
          </params>
          <reporter-output>
          </reporter-output>
        </test-method> <!-- invalid -->
        <test-method signature="invalid(java.lang.String, java.lang.String)[pri:0, instance:Rough.dataProvider@3bd323e9]" started-at="2024-04-28T12:11:42Z" name="invalid" data-provider="invalid" finished-at="2024-04-28T12:11:42Z" duration-ms="7" status="PASS">
          <params>
            <param index="0">
              <value>
                <![CDATA[dhoni]]>
              </value>
            </param>
            <param index="1">
              <value>
                <![CDATA[dhoni321]]>
              </value>
            </param>
          </params>
          <reporter-output>
          </reporter-output>
        </test-method> <!-- invalid -->
        <test-method signature="invalid(java.lang.String, java.lang.String)[pri:0, instance:Rough.dataProvider@3bd323e9]" started-at="2024-04-28T12:11:42Z" name="invalid" data-provider="invalid" finished-at="2024-04-28T12:11:42Z" duration-ms="4" status="PASS">
          <params>
            <param index="0">
              <value>
                <![CDATA[virat]]>
              </value>
            </param>
            <param index="1">
              <value>
                <![CDATA[virat123]]>
              </value>
            </param>
          </params>
          <reporter-output>
          </reporter-output>
        </test-method> <!-- invalid -->
      </class> <!-- Rough.dataProvider -->
    </test> <!-- Default test -->
  </suite> <!-- Default suite -->
</testng-results>
